<?xml version="1.0" encoding="UTF-8"?>
<!-- Generated by org.testng.reporters.JUnitReportReporter -->
<testsuite hostname="MULTIMEDIA" failures="0" tests="1" name="com.crm.TestNG.Sample1Test" time="0.031" errors="0" timestamp="16 Apr 2022 14:25:40 GMT" skipped="0">
  <testcase classname="com.crm.TestNG.Sample1Test" name="modTest" time="0.031"/>
</testsuite> <!-- com.crm.TestNG.Sample1Test -->
